<?xml version="1.0" encoding="UTF-8"?>
<!-- Generated by org.testng.reporters.JUnitXMLReporter -->
<testsuite ignored="0" hostname="LP-J54M1Z2" failures="0" tests="7" name="Test3" time="9.079" errors="0" timestamp="2021-06-16T22:22:11 IST">
  <testcase classname="org.tutorialsNinja.CamerasPageTests" name="tutorialNinjaPageLaunchVeriffication" time="0.136"/>
  <testcase classname="org.tutorialsNinja.CamerasPageTests" name="camerasTabLandingVerification" time="0.363"/>
  <testcase classname="org.tutorialsNinja.CamerasPageTests" name="verifyUIelementsOfCamerasTab" time="0.093"/>
  <testcase classname="org.tutorialsNinja.CamerasPageTests" name="verifyGridListView" time="0.157"/>
  <testcase classname="org.tutorialsNinja.CamerasPageTests" name="addCameraToCart" time="3.141"/>
  <testcase classname="org.tutorialsNinja.CamerasPageTests" name="addCameraToWishlist" time="0.258"/>
  <testcase classname="org.tutorialsNinja.CamerasPageTests" name="addCameraToCompare" time="0.294"/>
</testsuite> <!-- Test3 -->
