<?xml version="1.0" encoding="UTF-8"?>
<!-- Generated by org.testng.reporters.JUnitXMLReporter -->
<testsuite ignored="0" hostname="LP-J54M1Z2" failures="0" tests="3" name="Test5" time="7.669" errors="0" timestamp="2021-06-16T22:22:34 IST">
  <testcase classname="org.tutorialsNinja.AddToCartTest" name="loginPageScenarios" time="1.168"/>
  <testcase classname="org.tutorialsNinja.AddToCartTest" name="addCamerasItemToCart" time="1.129"/>
  <testcase classname="org.tutorialsNinja.AddToCartTest" name="shoppingCartWebTable" time="0.127"/>
</testsuite> <!-- Test5 -->
