<?xml version="1.0" encoding="UTF-8"?>
<!-- Generated by org.testng.reporters.JUnitXMLReporter -->
<testsuite ignored="0" hostname="LP-J54M1Z2" failures="0" tests="6" name="Test4" time="15.237" errors="0" timestamp="2021-06-16T22:22:26 IST">
  <testcase classname="org.tutorialsNinja.CheckOutPageTests" name="tutorialNinjaPageLaunchVeriffication" time="0.138"/>
  <testcase classname="org.tutorialsNinja.CheckOutPageTests" name="addtoCart" time="3.529"/>
  <testcase classname="org.tutorialsNinja.CheckOutPageTests" name="proceedToCheckoutPage" time="0.469"/>
  <testcase classname="org.tutorialsNinja.CheckOutPageTests" name="ProceedOrderWithExistingAccount" time="2.064"/>
  <testcase classname="org.tutorialsNinja.CheckOutPageTests" name="AcceptTermsAndSlectPaymentMethod" time="2.342"/>
  <testcase classname="org.tutorialsNinja.CheckOutPageTests" name="VerifyAndPlaceOrder" time="1.824"/>
</testsuite> <!-- Test4 -->
