<?xml version="1.0" encoding="UTF-8"?>
<testng-results ignored="0" total="21" passed="20" failed="1" skipped="0">
  <reporter-output>
  </reporter-output>
  <suite started-at="2021-06-16T22:21:36 IST" name="Suite" finished-at="2021-06-16T22:22:34 IST" duration-ms="57892">
    <groups>
    </groups>
    <test started-at="2021-06-16T22:21:36 IST" name="Test1" finished-at="2021-06-16T22:21:44 IST" duration-ms="8382">
      <class name="org.tutorialsNinja.SearchProductsTest">
        <test-method is-config="true" signature="initialization()[pri:0, instance:org.tutorialsNinja.SearchProductsTest@5cc69cfe]" started-at="2021-06-16T22:21:36 IST" name="initialization" finished-at="2021-06-16T22:21:41 IST" duration-ms="5238" status="PASS">
          <reporter-output>
          </reporter-output>
        </test-method> <!-- initialization -->
        <test-method signature="Search(java.lang.String, java.lang.String)[pri:0, instance:org.tutorialsNinja.SearchProductsTest@5cc69cfe]" started-at="2021-06-16T22:21:42 IST" name="Search" data-provider="Search Test Data" finished-at="2021-06-16T22:21:42 IST" duration-ms="598" status="PASS">
          <params>
            <param index="0">
              <value>
                <![CDATA[Samsung SyncMaster 941BW]]>
              </value>
            </param>
            <param index="1">
              <value>
                <![CDATA[$242.00]]>
              </value>
            </param>
          </params>
          <reporter-output>
          </reporter-output>
        </test-method> <!-- Search -->
        <test-method signature="Search(java.lang.String, java.lang.String)[pri:0, instance:org.tutorialsNinja.SearchProductsTest@5cc69cfe]" started-at="2021-06-16T22:21:42 IST" name="Search" data-provider="Search Test Data" finished-at="2021-06-16T22:21:43 IST" duration-ms="528" status="PASS">
          <params>
            <param index="0">
              <value>
                <![CDATA[iMac]]>
              </value>
            </param>
            <param index="1">
              <value>
                <![CDATA[$122.00]]>
              </value>
            </param>
          </params>
          <reporter-output>
          </reporter-output>
        </test-method> <!-- Search -->
        <test-method is-config="true" signature="closeBrowser()[pri:0, instance:org.tutorialsNinja.SearchProductsTest@5cc69cfe]" started-at="2021-06-16T22:21:43 IST" name="closeBrowser" finished-at="2021-06-16T22:21:44 IST" duration-ms="1207" status="PASS">
          <reporter-output>
          </reporter-output>
        </test-method> <!-- closeBrowser -->
      </class> <!-- org.tutorialsNinja.SearchProductsTest -->
    </test> <!-- Test1 -->
    <test started-at="2021-06-16T22:21:45 IST" name="Test2" finished-at="2021-06-16T22:22:01 IST" duration-ms="16908">
      <class name="org.tutorialsNinja.SortLaptopTest">
        <test-method is-config="true" signature="initialization()[pri:0, instance:org.tutorialsNinja.SortLaptopTest@3bffddff]" started-at="2021-06-16T22:21:45 IST" name="initialization" finished-at="2021-06-16T22:21:48 IST" duration-ms="3800" status="PASS">
          <reporter-output>
          </reporter-output>
        </test-method> <!-- initialization -->
        <test-method signature="SortProducts(java.lang.String)[pri:0, instance:org.tutorialsNinja.SortLaptopTest@3bffddff]" started-at="2021-06-16T22:21:48 IST" name="SortProducts" data-provider="SortBy Test Data" finished-at="2021-06-16T22:21:49 IST" duration-ms="774" status="PASS">
          <params>
            <param index="0">
              <value>
                <![CDATA[Name (A - Z)]]>
              </value>
            </param>
          </params>
          <reporter-output>
          </reporter-output>
        </test-method> <!-- SortProducts -->
        <test-method signature="SortProducts(java.lang.String)[pri:0, instance:org.tutorialsNinja.SortLaptopTest@3bffddff]" started-at="2021-06-16T22:21:49 IST" name="SortProducts" data-provider="SortBy Test Data" finished-at="2021-06-16T22:21:50 IST" duration-ms="741" status="PASS">
          <params>
            <param index="0">
              <value>
                <![CDATA[Price (Low > High)]]>
              </value>
            </param>
          </params>
          <reporter-output>
          </reporter-output>
        </test-method> <!-- SortProducts -->
        <test-method signature="SortProducts(java.lang.String)[pri:0, instance:org.tutorialsNinja.SortLaptopTest@3bffddff]" started-at="2021-06-16T22:21:50 IST" name="SortProducts" data-provider="SortBy Test Data" finished-at="2021-06-16T22:22:00 IST" duration-ms="10465" status="FAIL">
          <params>
            <param index="0">
              <value>
                <![CDATA[ABC]]>
              </value>
            </param>
          </params>
          <exception class="org.openqa.selenium.NoSuchElementException">
            <message>
              <![CDATA[Cannot locate element with text: ABC
For documentation on this error, please visit: https://www.seleniumhq.org/exceptions/no_such_element.html
Build info: version: '3.141.59', revision: 'e82be7d358', time: '2018-11-14T08:17:03'
System info: host: 'LP-J54M1Z2', ip: '192.168.29.226', os.name: 'Windows 10', os.arch: 'amd64', os.version: '10.0', java.version: '15.0.2'
Driver info: driver.version: unknown]]>
            </message>
            <full-stacktrace>
              <![CDATA[org.openqa.selenium.NoSuchElementException: Cannot locate element with text: ABC
For documentation on this error, please visit: https://www.seleniumhq.org/exceptions/no_such_element.html
Build info: version: '3.141.59', revision: 'e82be7d358', time: '2018-11-14T08:17:03'
System info: host: 'LP-J54M1Z2', ip: '192.168.29.226', os.name: 'Windows 10', os.arch: 'amd64', os.version: '10.0', java.version: '15.0.2'
Driver info: driver.version: unknown
at org.openqa.selenium.support.ui.Select.selectByVisibleText(Select.java:147)
at org.tutorialsNinja.pageObjects.LaptopsNotebooksPageObject.sortByFilter(LaptopsNotebooksPageObject.java:37)
at org.tutorialsNinja.SortLaptopTest.SortProducts(SortLaptopTest.java:52)
at java.base/jdk.internal.reflect.NativeMethodAccessorImpl.invoke0(Native Method)
at java.base/jdk.internal.reflect.NativeMethodAccessorImpl.invoke(NativeMethodAccessorImpl.java:64)
at java.base/jdk.internal.reflect.DelegatingMethodAccessorImpl.invoke(DelegatingMethodAccessorImpl.java:43)
at java.base/java.lang.reflect.Method.invoke(Method.java:564)
at org.testng.internal.MethodInvocationHelper.invokeMethod(MethodInvocationHelper.java:132)
at org.testng.internal.TestInvoker.invokeMethod(TestInvoker.java:599)
at org.testng.internal.TestInvoker.invokeTestMethod(TestInvoker.java:174)
at org.testng.internal.MethodRunner.runInSequence(MethodRunner.java:46)
at org.testng.internal.TestInvoker$MethodInvocationAgent.invoke(TestInvoker.java:822)
at org.testng.internal.TestInvoker.invokeTestMethods(TestInvoker.java:147)
at org.testng.internal.TestMethodWorker.invokeTestMethods(TestMethodWorker.java:146)
at org.testng.internal.TestMethodWorker.run(TestMethodWorker.java:128)
at java.base/java.util.ArrayList.forEach(ArrayList.java:1511)
at org.testng.TestRunner.privateRun(TestRunner.java:764)
at org.testng.TestRunner.run(TestRunner.java:585)
at org.testng.SuiteRunner.runTest(SuiteRunner.java:384)
at org.testng.SuiteRunner.runSequentially(SuiteRunner.java:378)
at org.testng.SuiteRunner.privateRun(SuiteRunner.java:337)
at org.testng.SuiteRunner.run(SuiteRunner.java:286)
at org.testng.SuiteRunnerWorker.runSuite(SuiteRunnerWorker.java:53)
at org.testng.SuiteRunnerWorker.run(SuiteRunnerWorker.java:96)
at org.testng.TestNG.runSuitesSequentially(TestNG.java:1218)
at org.testng.TestNG.runSuitesLocally(TestNG.java:1140)
at org.testng.TestNG.runSuites(TestNG.java:1069)
at org.testng.TestNG.run(TestNG.java:1037)
at org.testng.remote.AbstractRemoteTestNG.run(AbstractRemoteTestNG.java:115)
at org.testng.remote.RemoteTestNG.initAndRun(RemoteTestNG.java:251)
at org.testng.remote.RemoteTestNG.main(RemoteTestNG.java:77)
]]>
            </full-stacktrace>
          </exception> <!-- org.openqa.selenium.NoSuchElementException -->
          <reporter-output>
          </reporter-output>
        </test-method> <!-- SortProducts -->
        <test-method is-config="true" signature="closeBrowser()[pri:0, instance:org.tutorialsNinja.SortLaptopTest@3bffddff]" started-at="2021-06-16T22:22:01 IST" name="closeBrowser" finished-at="2021-06-16T22:22:01 IST" duration-ms="867" status="PASS">
          <reporter-output>
          </reporter-output>
        </test-method> <!-- closeBrowser -->
      </class> <!-- org.tutorialsNinja.SortLaptopTest -->
    </test> <!-- Test2 -->
    <test started-at="2021-06-16T22:22:02 IST" name="Test3" finished-at="2021-06-16T22:22:11 IST" duration-ms="9079">
      <class name="org.tutorialsNinja.CamerasPageTests">
        <test-method is-config="true" signature="initialize()[pri:0, instance:org.tutorialsNinja.CamerasPageTests@302fec27]" started-at="2021-06-16T22:22:02 IST" name="initialize" finished-at="2021-06-16T22:22:05 IST" duration-ms="3754" status="PASS">
          <reporter-output>
          </reporter-output>
        </test-method> <!-- initialize -->
        <test-method signature="tutorialNinjaPageLaunchVeriffication()[pri:1, instance:org.tutorialsNinja.CamerasPageTests@302fec27]" started-at="2021-06-16T22:22:05 IST" name="tutorialNinjaPageLaunchVeriffication" finished-at="2021-06-16T22:22:05 IST" duration-ms="136" status="PASS">
          <reporter-output>
          </reporter-output>
        </test-method> <!-- tutorialNinjaPageLaunchVeriffication -->
        <test-method signature="camerasTabLandingVerification()[pri:2, instance:org.tutorialsNinja.CamerasPageTests@302fec27]" started-at="2021-06-16T22:22:05 IST" name="camerasTabLandingVerification" finished-at="2021-06-16T22:22:06 IST" duration-ms="363" status="PASS">
          <reporter-output>
          </reporter-output>
        </test-method> <!-- camerasTabLandingVerification -->
        <test-method signature="verifyUIelementsOfCamerasTab()[pri:3, instance:org.tutorialsNinja.CamerasPageTests@302fec27]" started-at="2021-06-16T22:22:06 IST" name="verifyUIelementsOfCamerasTab" finished-at="2021-06-16T22:22:06 IST" duration-ms="93" status="PASS">
          <reporter-output>
          </reporter-output>
        </test-method> <!-- verifyUIelementsOfCamerasTab -->
        <test-method signature="verifyGridListView()[pri:4, instance:org.tutorialsNinja.CamerasPageTests@302fec27]" started-at="2021-06-16T22:22:06 IST" name="verifyGridListView" finished-at="2021-06-16T22:22:06 IST" duration-ms="157" status="PASS">
          <reporter-output>
          </reporter-output>
        </test-method> <!-- verifyGridListView -->
        <test-method signature="addCameraToCart()[pri:5, instance:org.tutorialsNinja.CamerasPageTests@302fec27]" started-at="2021-06-16T22:22:06 IST" name="addCameraToCart" finished-at="2021-06-16T22:22:09 IST" duration-ms="3141" status="PASS">
          <reporter-output>
          </reporter-output>
        </test-method> <!-- addCameraToCart -->
        <test-method signature="addCameraToWishlist()[pri:6, instance:org.tutorialsNinja.CamerasPageTests@302fec27]" started-at="2021-06-16T22:22:09 IST" name="addCameraToWishlist" finished-at="2021-06-16T22:22:09 IST" duration-ms="258" status="PASS">
          <reporter-output>
          </reporter-output>
        </test-method> <!-- addCameraToWishlist -->
        <test-method signature="addCameraToCompare()[pri:7, instance:org.tutorialsNinja.CamerasPageTests@302fec27]" started-at="2021-06-16T22:22:09 IST" name="addCameraToCompare" finished-at="2021-06-16T22:22:10 IST" duration-ms="294" status="PASS">
          <reporter-output>
          </reporter-output>
        </test-method> <!-- addCameraToCompare -->
        <test-method is-config="true" signature="tearDown()[pri:0, instance:org.tutorialsNinja.CamerasPageTests@302fec27]" started-at="2021-06-16T22:22:10 IST" name="tearDown" finished-at="2021-06-16T22:22:11 IST" duration-ms="868" status="PASS">
          <reporter-output>
          </reporter-output>
        </test-method> <!-- tearDown -->
      </class> <!-- org.tutorialsNinja.CamerasPageTests -->
    </test> <!-- Test3 -->
    <test started-at="2021-06-16T22:22:11 IST" name="Test4" finished-at="2021-06-16T22:22:26 IST" duration-ms="15237">
      <class name="org.tutorialsNinja.CheckOutPageTests">
        <test-method is-config="true" signature="initialize()[pri:0, instance:org.tutorialsNinja.CheckOutPageTests@1a69561c]" started-at="2021-06-16T22:22:11 IST" name="initialize" finished-at="2021-06-16T22:22:15 IST" duration-ms="3964" status="PASS">
          <reporter-output>
          </reporter-output>
        </test-method> <!-- initialize -->
        <test-method signature="tutorialNinjaPageLaunchVeriffication()[pri:1, instance:org.tutorialsNinja.CheckOutPageTests@1a69561c]" started-at="2021-06-16T22:22:15 IST" name="tutorialNinjaPageLaunchVeriffication" finished-at="2021-06-16T22:22:15 IST" duration-ms="138" status="PASS">
          <reporter-output>
          </reporter-output>
        </test-method> <!-- tutorialNinjaPageLaunchVeriffication -->
        <test-method signature="addtoCart()[pri:2, instance:org.tutorialsNinja.CheckOutPageTests@1a69561c]" started-at="2021-06-16T22:22:15 IST" name="addtoCart" finished-at="2021-06-16T22:22:18 IST" duration-ms="3529" status="PASS">
          <reporter-output>
          </reporter-output>
        </test-method> <!-- addtoCart -->
        <test-method signature="proceedToCheckoutPage()[pri:3, instance:org.tutorialsNinja.CheckOutPageTests@1a69561c]" started-at="2021-06-16T22:22:18 IST" name="proceedToCheckoutPage" finished-at="2021-06-16T22:22:19 IST" duration-ms="469" status="PASS">
          <reporter-output>
          </reporter-output>
        </test-method> <!-- proceedToCheckoutPage -->
        <test-method signature="ProceedOrderWithExistingAccount()[pri:4, instance:org.tutorialsNinja.CheckOutPageTests@1a69561c]" started-at="2021-06-16T22:22:19 IST" name="ProceedOrderWithExistingAccount" finished-at="2021-06-16T22:22:21 IST" duration-ms="2064" status="PASS">
          <reporter-output>
          </reporter-output>
        </test-method> <!-- ProceedOrderWithExistingAccount -->
        <test-method signature="AcceptTermsAndSlectPaymentMethod()[pri:5, instance:org.tutorialsNinja.CheckOutPageTests@1a69561c]" started-at="2021-06-16T22:22:21 IST" name="AcceptTermsAndSlectPaymentMethod" finished-at="2021-06-16T22:22:23 IST" duration-ms="2342" status="PASS">
          <reporter-output>
          </reporter-output>
        </test-method> <!-- AcceptTermsAndSlectPaymentMethod -->
        <test-method signature="VerifyAndPlaceOrder()[pri:6, instance:org.tutorialsNinja.CheckOutPageTests@1a69561c]" started-at="2021-06-16T22:22:23 IST" name="VerifyAndPlaceOrder" finished-at="2021-06-16T22:22:25 IST" duration-ms="1824" status="PASS">
          <reporter-output>
          </reporter-output>
        </test-method> <!-- VerifyAndPlaceOrder -->
        <test-method is-config="true" signature="tearDown()[pri:0, instance:org.tutorialsNinja.CheckOutPageTests@1a69561c]" started-at="2021-06-16T22:22:25 IST" name="tearDown" finished-at="2021-06-16T22:22:26 IST" duration-ms="896" status="PASS">
          <reporter-output>
          </reporter-output>
        </test-method> <!-- tearDown -->
      </class> <!-- org.tutorialsNinja.CheckOutPageTests -->
    </test> <!-- Test4 -->
    <test started-at="2021-06-16T22:22:26 IST" name="Test5" finished-at="2021-06-16T22:22:34 IST" duration-ms="7669">
      <class name="org.tutorialsNinja.AddToCartTest">
        <test-method is-config="true" signature="initialization()[pri:0, instance:org.tutorialsNinja.AddToCartTest@7a138fc5]" started-at="2021-06-16T22:22:26 IST" name="initialization" finished-at="2021-06-16T22:22:30 IST" duration-ms="4059" status="PASS">
          <reporter-output>
          </reporter-output>
        </test-method> <!-- initialization -->
        <test-method signature="loginPageScenarios()[pri:1, instance:org.tutorialsNinja.AddToCartTest@7a138fc5]" started-at="2021-06-16T22:22:30 IST" name="loginPageScenarios" finished-at="2021-06-16T22:22:31 IST" duration-ms="1168" status="PASS">
          <reporter-output>
          </reporter-output>
        </test-method> <!-- loginPageScenarios -->
        <test-method signature="addCamerasItemToCart()[pri:2, instance:org.tutorialsNinja.AddToCartTest@7a138fc5]" started-at="2021-06-16T22:22:31 IST" name="addCamerasItemToCart" finished-at="2021-06-16T22:22:32 IST" duration-ms="1129" status="PASS">
          <reporter-output>
          </reporter-output>
        </test-method> <!-- addCamerasItemToCart -->
        <test-method signature="shoppingCartWebTable()[pri:0, instance:org.tutorialsNinja.AddToCartTest@7a138fc5]" started-at="2021-06-16T22:22:32 IST" name="shoppingCartWebTable" finished-at="2021-06-16T22:22:33 IST" depends-on-methods="org.tutorialsNinja.AddToCartTest.addCamerasItemToCart" duration-ms="127" status="PASS">
          <reporter-output>
          </reporter-output>
        </test-method> <!-- shoppingCartWebTable -->
        <test-method is-config="true" signature="closeBrowser()[pri:0, instance:org.tutorialsNinja.AddToCartTest@7a138fc5]" started-at="2021-06-16T22:22:33 IST" name="closeBrowser" finished-at="2021-06-16T22:22:34 IST" duration-ms="1180" status="PASS">
          <reporter-output>
          </reporter-output>
        </test-method> <!-- closeBrowser -->
      </class> <!-- org.tutorialsNinja.AddToCartTest -->
    </test> <!-- Test5 -->
  </suite> <!-- Suite -->
</testng-results>
